# JRE version: Java(TM) SE Runtime Environment (8.0_111-b14) (build 1.8.0_111-b14)
# Java VM: Java HotSpot(TM) 64-Bit Server VM (25.111-b14 mixed mode linux-amd64 compressed oops)
Heap:
 PSYoungGen      total 219136K, used 57835K [0x00000000eab00000, 0x0000000100000000, 0x0000000100000000)
  eden space 116736K, 0% used [0x00000000eab00000,0x00000000eab00000,0x00000000f1d00000)
  from space 102400K, 56% used [0x00000000f9c00000,0x00000000fd47af78,0x0000000100000000)
  to   space 116224K, 0% used [0x00000000f1d00000,0x00000000f1d00000,0x00000000f8e80000)
 ParOldGen       total 363008K, used 362704K [0x00000000c0000000, 0x00000000d6280000, 0x00000000eab00000)
  object space 363008K, 99% used [0x00000000c0000000,0x00000000d6234210,0x00000000d6280000)
 Metaspace       used 6671K, capacity 7320K, committed 7680K, reserved 1056768K
  class space    used 630K, capacity 656K, committed 768K, reserved 1048576K
GC Heap History (10 events):
Event: 14,161 GC heap after
Heap after GC invocations=22 (full 4):
 PSYoungGen      total 270848K, used 53044K [0x00000000eab00000, 0x0000000100000000, 0x0000000100000000)
  eden space 203776K, 0% used [0x00000000eab00000,0x00000000eab00000,0x00000000f7200000)
  from space 67072K, 79% used [0x00000000fbe80000,0x00000000ff24d1b0,0x0000000100000000)
  to   space 72704K, 0% used [0x00000000f7200000,0x00000000f7200000,0x00000000fb900000)
 ParOldGen       total 363008K, used 229155K [0x00000000c0000000, 0x00000000d6280000, 0x00000000eab00000)
  object space 363008K, 63% used [0x00000000c0000000,0x00000000cdfc8fa8,0x00000000d6280000)
 Metaspace       used 6658K, capacity 7256K, committed 7424K, reserved 1056768K
  class space    used 628K, capacity 656K, committed 768K, reserved 1048576K
}
Event: 14,713 GC heap before
{Heap before GC invocations=23 (full 4):
 PSYoungGen      total 270848K, used 256820K [0x00000000eab00000, 0x0000000100000000, 0x0000000100000000)
  eden space 203776K, 100% used [0x00000000eab00000,0x00000000f7200000,0x00000000f7200000)
  from space 67072K, 79% used [0x00000000fbe80000,0x00000000ff24d1b0,0x0000000100000000)
  to   space 72704K, 0% used [0x00000000f7200000,0x00000000f7200000,0x00000000fb900000)
 ParOldGen       total 363008K, used 229155K [0x00000000c0000000, 0x00000000d6280000, 0x00000000eab00000)
  object space 363008K, 63% used [0x00000000c0000000,0x00000000cdfc8fa8,0x00000000d6280000)
 Metaspace       used 6659K, capacity 7256K, committed 7424K, reserved 1056768K
  class space    used 628K, capacity 656K, committed 768K, reserved 1048576K
Event: 14,829 GC heap after
Heap after GC invocations=23 (full 4):
 PSYoungGen      total 276480K, used 72681K [0x00000000eab00000, 0x0000000100000000, 0x0000000100000000)
  eden space 203776K, 0% used [0x00000000eab00000,0x00000000eab00000,0x00000000f7200000)
  from space 72704K, 99% used [0x00000000f7200000,0x00000000fb8fa7a8,0x00000000fb900000)
  to   space 72704K, 0% used [0x00000000fb900000,0x00000000fb900000,0x0000000100000000)
 ParOldGen       total 363008K, used 244384K [0x00000000c0000000, 0x00000000d6280000, 0x00000000eab00000)
  object space 363008K, 67% used [0x00000000c0000000,0x00000000ceea81c8,0x00000000d6280000)
 Metaspace       used 6659K, capacity 7256K, committed 7424K, reserved 1056768K
  class space    used 628K, capacity 656K, committed 768K, reserved 1048576K
}
Event: 15,367 GC heap before
{Heap before GC invocations=24 (full 4):
 PSYoungGen      total 276480K, used 276457K [0x00000000eab00000, 0x0000000100000000, 0x0000000100000000)
  eden space 203776K, 100% used [0x00000000eab00000,0x00000000f7200000,0x00000000f7200000)
  from space 72704K, 99% used [0x00000000f7200000,0x00000000fb8fa7a8,0x00000000fb900000)
  to   space 72704K, 0% used [0x00000000fb900000,0x00000000fb900000,0x0000000100000000)
 ParOldGen       total 363008K, used 244384K [0x00000000c0000000, 0x00000000d6280000, 0x00000000eab00000)
  object space 363008K, 67% used [0x00000000c0000000,0x00000000ceea81f0,0x00000000d6280000)
 Metaspace       used 6661K, capacity 7320K, committed 7680K, reserved 1056768K
  class space    used 628K, capacity 656K, committed 768K, reserved 1048576K
Event: 15,496 GC heap after
Heap after GC invocations=24 (full 4):
 PSYoungGen      total 236544K, used 57627K [0x00000000eab00000, 0x0000000100000000, 0x0000000100000000)
  eden space 163840K, 0% used [0x00000000eab00000,0x00000000eab00000,0x00000000f4b00000)
  from space 72704K, 79% used [0x00000000fb900000,0x00000000ff146d60,0x0000000100000000)
  to   space 92672K, 0% used [0x00000000f4b00000,0x00000000f4b00000,0x00000000fa580000)
 ParOldGen       total 363008K, used 290342K [0x00000000c0000000, 0x00000000d6280000, 0x00000000eab00000)
  object space 363008K, 79% used [0x00000000c0000000,0x00000000d1b89a28,0x00000000d6280000)
 Metaspace       used 6661K, capacity 7320K, committed 7680K, reserved 1056768K
  class space    used 628K, capacity 656K, committed 768K, reserved 1048576K
}
Event: 16,005 GC heap before
{Heap before GC invocations=25 (full 4):
 PSYoungGen      total 236544K, used 221467K [0x00000000eab00000, 0x0000000100000000, 0x0000000100000000)
  eden space 163840K, 100% used [0x00000000eab00000,0x00000000f4b00000,0x00000000f4b00000)
  from space 72704K, 79% used [0x00000000fb900000,0x00000000ff146d60,0x0000000100000000)
  to   space 92672K, 0% used [0x00000000f4b00000,0x00000000f4b00000,0x00000000fa580000)
 ParOldGen       total 363008K, used 290344K [0x00000000c0000000, 0x00000000d6280000, 0x00000000eab00000)
  object space 363008K, 79% used [0x00000000c0000000,0x00000000d1b8a170,0x00000000d6280000)
 Metaspace       used 6662K, capacity 7320K, committed 7680K, reserved 1056768K
  class space    used 628K, capacity 656K, committed 768K, reserved 1048576K
Event: 16,083 GC heap after
Heap after GC invocations=25 (full 4):
 PSYoungGen      total 246784K, used 82581K [0x00000000eab00000, 0x0000000100000000, 0x0000000100000000)
  eden space 163840K, 0% used [0x00000000eab00000,0x00000000eab00000,0x00000000f4b00000)
  from space 82944K, 99% used [0x00000000f4b00000,0x00000000f9ba56f0,0x00000000f9c00000)
  to   space 102400K, 0% used [0x00000000f9c00000,0x00000000f9c00000,0x0000000100000000)
 ParOldGen       total 363008K, used 290344K [0x00000000c0000000, 0x00000000d6280000, 0x00000000eab00000)
  object space 363008K, 79% used [0x00000000c0000000,0x00000000d1b8a170,0x00000000d6280000)
 Metaspace       used 6662K, capacity 7320K, committed 7680K, reserved 1056768K
  class space    used 628K, capacity 656K, committed 768K, reserved 1048576K
}
Event: 16,738 GC heap before
{Heap before GC invocations=26 (full 4):
 PSYoungGen      total 246784K, used 246421K [0x00000000eab00000, 0x0000000100000000, 0x0000000100000000)
  eden space 163840K, 100% used [0x00000000eab00000,0x00000000f4b00000,0x00000000f4b00000)
  from space 82944K, 99% used [0x00000000f4b00000,0x00000000f9ba56f0,0x00000000f9c00000)
  to   space 102400K, 0% used [0x00000000f9c00000,0x00000000f9c00000,0x0000000100000000)
 ParOldGen       total 363008K, used 290344K [0x00000000c0000000, 0x00000000d6280000, 0x00000000eab00000)
  object space 363008K, 79% used [0x00000000c0000000,0x00000000d1b8a170,0x00000000d6280000)
 Metaspace       used 6671K, capacity 7320K, committed 7680K, reserved 1056768K
  class space    used 630K, capacity 656K, committed 768K, reserved 1048576K
Event: 16,860 GC heap after
Heap after GC invocations=26 (full 4):
 PSYoungGen      total 219136K, used 102396K [0x00000000eab00000, 0x0000000100000000, 0x0000000100000000)
  eden space 116736K, 0% used [0x00000000eab00000,0x00000000eab00000,0x00000000f1d00000)
  from space 102400K, 99% used [0x00000000f9c00000,0x00000000fffff348,0x0000000100000000)
  to   space 116224K, 0% used [0x00000000f1d00000,0x00000000f1d00000,0x00000000f8e80000)
 ParOldGen       total 363008K, used 323063K [0x00000000c0000000, 0x00000000d6280000, 0x00000000eab00000)
  object space 363008K, 88% used [0x00000000c0000000,0x00000000d3b7dda0,0x00000000d6280000)
 Metaspace       used 6671K, capacity 7320K, committed 7680K, reserved 1056768K
  class space    used 630K, capacity 656K, committed 768K, reserved 1048576K
}
Event: 16,860 GC heap before
{Heap before GC invocations=27 (full 5):
 PSYoungGen      total 219136K, used 102396K [0x00000000eab00000, 0x0000000100000000, 0x0000000100000000)
  eden space 116736K, 0% used [0x00000000eab00000,0x00000000eab00000,0x00000000f1d00000)
  from space 102400K, 99% used [0x00000000f9c00000,0x00000000fffff348,0x0000000100000000)
  to   space 116224K, 0% used [0x00000000f1d00000,0x00000000f1d00000,0x00000000f8e80000)
 ParOldGen       total 363008K, used 323063K [0x00000000c0000000, 0x00000000d6280000, 0x00000000eab00000)
  object space 363008K, 88% used [0x00000000c0000000,0x00000000d3b7dda0,0x00000000d6280000)
 Metaspace       used 6671K, capacity 7320K, committed 7680K, reserved 1056768K
  class space    used 630K, capacity 656K, committed 768K, reserved 1048576K

